[0m06:07:48.892958 [debug] [MainThread]: Sending event: {'category': 'dbt', 'action': 'invocation', 'label': 'start', 'context': [<snowplow_tracker.self_describing_json.SelfDescribingJson object at 0x00000292D11E0260>, <snowplow_tracker.self_describing_json.SelfDescribingJson object at 0x00000292D0D57770>, <snowplow_tracker.self_describing_json.SelfDescribingJson object at 0x00000292D06FF3B0>]}


============================== 06:07:48.934671 | 54d2f694-0572-4fb1-b621-3a4a9c2f9699 ==============================
[0m06:07:48.934671 [info ] [MainThread]: Running with dbt=1.11.12
[0m06:07:48.934671 [debug] [MainThread]: running dbt with arguments {'version_check': 'True', 'no_print': 'None', 'static_parser': 'True', 'target_path': 'None', 'warn_error_options': 'WarnErrorOptionsV2(error=[], warn=[], silence=[])', 'printer_width': '80', 'write_json': 'True', 'introspect': 'True', 'log_cache_events': 'False', 'empty': 'None', 'cache_selected_only': 'False', 'log_format': 'default', 'debug': 'False', 'fail_fast': 'False', 'profiles_dir': 'C:\\Users\\55419\\.dbt', 'send_anonymous_usage_stats': 'True', 'quiet': 'False', 'warn_error': 'None', 'partial_parse': 'True', 'invocation_command': 'dbt init ecommerce_analytics', 'use_colors': 'True', 'indirect_selection': 'eager', 'use_experimental_parser': 'False', 'log_path': 'logs'}
[0m06:07:49.029897 [info ] [MainThread]: Creating dbt configuration folder at C:\Users\55419\.dbt
[0m06:07:49.029897 [debug] [MainThread]: Starter project path: P:\jornada dados\modern_data_stack\.venv\Lib\site-packages\dbt\include\starter_project
[0m06:07:49.049055 [info ] [MainThread]: 
Your new dbt project "ecommerce_analytics" was created!

For more information on how to configure the profiles.yml file,
please consult the dbt documentation here:

  https://docs.getdbt.com/docs/configure-your-profile

One more thing:

Need help? Don't hesitate to reach out to us via GitHub issues or on Slack:

  https://community.getdbt.com/

Happy modeling!

[0m06:07:49.049055 [info ] [MainThread]: Setting up your profile.
[0m06:13:46.890921 [info ] [MainThread]: Profile ecommerce_analytics written to C:\Users\55419\.dbt\profiles.yml using target's profile_template.yml and your supplied values. Run 'dbt debug' to validate the connection.
[0m06:13:46.891363 [debug] [MainThread]: Command `dbt init` succeeded at 06:13:46.891363 after 358.22 seconds
[0m06:13:46.891363 [debug] [MainThread]: Sending event: {'category': 'dbt', 'action': 'invocation', 'label': 'end', 'context': [<snowplow_tracker.self_describing_json.SelfDescribingJson object at 0x00000292CCC01DF0>, <snowplow_tracker.self_describing_json.SelfDescribingJson object at 0x00000292D0E8F830>, <snowplow_tracker.self_describing_json.SelfDescribingJson object at 0x00000292D0FA2390>]}
[0m06:13:46.891363 [debug] [MainThread]: Flushing usage events
[0m06:13:47.863356 [debug] [MainThread]: An error was encountered while trying to flush usage events
